Log file open, 09/26/17 17:24:54
LogWindows: LoadLibraryWithSearchPaths failed for file aqProf.dll. GetLastError=0
LogWindows: LoadLibraryWithSearchPaths failed for file VtuneApi.dll. GetLastError=0
LogWindows: LoadLibraryWithSearchPaths failed for file VtuneApi32e.dll. GetLastError=0
LogInit: Display: Running engine for game: PoetryGun
LogInit: Display: Project file not found: ../../../PoetryGun/PoetryGun.uproject
LogInit: Display: 	Attempting to find via project info helper.
LogUProjectInfo: Found projects:
LogPlatformFile: Not using cached read wrapper
LogInit: Display: RandInit(-512059862) SRandInit(-512059862).
LogTaskGraph: Started task graph with 5 named threads and 14 total threads with 3 sets of task threads.
LogStats: Stats thread started at 0.148632
LogD3D11RHI: Aftermath initialized
LogPluginManager: Mounting plugin Paper2D
LogPluginManager: Mounting plugin OculusVR
LogPluginManager: Mounting plugin AndroidPermission
LogPluginManager: Mounting plugin ArchVisCharacter
LogPluginManager: Mounting plugin CableComponent
LogPluginManager: Mounting plugin CustomMeshComponent
LogPluginManager: Mounting plugin ExampleDeviceProfileSelector
LogPluginManager: Mounting plugin ImmediatePhysics
LogPluginManager: Mounting plugin LocationServicesBPLibrary
LogPluginManager: Mounting plugin MobilePatchingUtils
LogPluginManager: Mounting plugin PhysXVehicles
LogPluginManager: Mounting plugin ProceduralMeshComponent
LogPluginManager: Mounting plugin RuntimePhysXCooking
LogPluginManager: Mounting plugin SteamVR
LogPluginManager: Mounting plugin WindowsMoviePlayer
LogPluginManager: Mounting plugin LightPropagationVolume
LogPluginManager: Mounting plugin FacialAnimation
LogPluginManager: Mounting plugin CharacterAI
LogPluginManager: Mounting plugin HTML5Networking
LogPluginManager: Mounting plugin AndroidMedia
LogPluginManager: Mounting plugin AvfMedia
LogPluginManager: Mounting plugin WmfMedia
LogPluginManager: Mounting plugin TcpMessaging
LogPluginManager: Mounting plugin UdpMessaging
LogPluginManager: Mounting plugin OnlineSubsystem
LogPluginManager: Mounting plugin OnlineSubsystemNull
LogPluginManager: Mounting plugin OnlineSubsystemUtils
LogInit: Using libcurl 7.47.1
LogInit:  - built for x86_64-pc-win32
LogInit:  - supports SSL with OpenSSL/1.0.2g
LogInit:  - supports HTTP deflate (compression) using libz 1.2.8
LogInit:  - other features:
LogInit:      CURL_VERSION_SSL
LogInit:      CURL_VERSION_LIBZ
LogInit:      CURL_VERSION_IPV6
LogInit:      CURL_VERSION_ASYNCHDNS
LogInit:      CURL_VERSION_LARGEFILE
LogInit:      CURL_VERSION_IDN
LogInit:  CurlRequestOptions (configurable via config and command line):
LogInit:  - bVerifyPeer = false  - Libcurl will NOT verify peer certificate
LogInit:  - bUseHttpProxy = false  - Libcurl will NOT use HTTP proxy
LogInit:  - bDontReuseConnections = false  - Libcurl will reuse connections
LogInit:  - CertBundlePath = nullptr  - Libcurl will use whatever was configured at build time.
LogInit: Build: ++UE4+Release-4.17-CL-3586342
LogInit: Engine Version: 4.17.1-3586342+++UE4+Release-4.17
LogInit: Compatible Engine Version: 4.17.0-3573198+++UE4+Release-4.17
LogInit: Net CL: 3573198
LogDevObjectVersion: Number of dev versions registered: 16
LogDevObjectVersion:   Dev-Blueprints (B0D832E4-1F89-4F0D-ACCF-7EB736FD4AA2): 10
LogDevObjectVersion:   Dev-Build (E1C64328-A22C-4D53-A36C-8E866417BD8C): 0
LogDevObjectVersion:   Dev-Core (375EC13C-06E4-48FB-B500-84F0262A717E): 2
LogDevObjectVersion:   Dev-Editor (E4B068ED-F494-42E9-A231-DA0B2E46BB41): 20
LogDevObjectVersion:   Dev-Framework (CFFC743F-43B0-4480-9391-14DF171D2073): 28
LogDevObjectVersion:   Dev-Mobile (B02B49B5-BB20-44E9-A304-32B752E40360): 0
LogDevObjectVersion:   Dev-Networking (A4E4105C-59A1-49B5-A7C5-40C4547EDFEE): 0
LogDevObjectVersion:   Dev-Online (39C831C9-5AE6-47DC-9A44-9C173E1C8E7C): 0
LogDevObjectVersion:   Dev-Physics (78F01B33-EBEA-4F98-B9B4-84EACCB95AA2): 0
LogDevObjectVersion:   Dev-Platform (6631380F-2D4D-43E0-8009-CF276956A95A): 0
LogDevObjectVersion:   Dev-Rendering (12F88B9F-8875-4AFC-A67C-D90C383ABD29): 19
LogDevObjectVersion:   Dev-Sequencer (7B5AE74C-D270-4C10-A958-57980B212A5A): 4
LogDevObjectVersion:   Dev-VR (D7296918-1DD6-4BDD-9DE2-64A83CC13884): 0
LogDevObjectVersion:   Dev-LoadTimes (C2A15278-BFE7-4AFE-6C17-90FF531DF755): 1
LogDevObjectVersion:   Private-Geometry (6EACA3D4-40EC-4CC1-B786-8BED09428FC5): 1
LogDevObjectVersion:   Dev-AnimPhys (29E575DD-E0A3-4627-9D10-D276232CDCEA): 7
LogInit: Compiled (64-bit): Aug 15 2017 02:07:53
LogInit: Compiled with Visual C++: 19.00.24215.01
LogInit: Build Configuration: Development
LogInit: Branch Name: ++UE4+Release-4.17
LogInit: Command line:  
LogInit: Base directory: C:/Users/Bartow/Documents/Unreal Projects/PoetryGun/Builds/WindowsNoEditor/Engine/Binaries/Win64/
LogInit: Installed Engine Build: 0
LogInit: Presizing for max 2097152 objects, including 0 objects not considered by GC, pre-allocating 0 bytes for permanent pool.
LogStreaming: Display: Async Loading initialized: Event Driven Loader: true, Async Loading Thread: false
LogInit: Object subsystem initialized
[2017.09.27-00.24.54:390][  0]LogInit: Selected Device Profile: [WindowsNoEditor]
[2017.09.27-00.24.54:390][  0]LogInit: Applying CVar settings loaded from the selected device profile: [WindowsNoEditor]
[2017.09.27-00.24.54:394][  0]LogInit: Computer: KRACKEN
[2017.09.27-00.24.54:394][  0]LogInit: User: Bartow
[2017.09.27-00.24.54:394][  0]LogInit: CPU Page size=4096, Cores=4
[2017.09.27-00.24.54:394][  0]LogInit: High frequency timer resolution =3.906269 MHz
[2017.09.27-00.24.54:394][  0]LogMemory: Memory total: Physical=15.9GB (16GB approx)
[2017.09.27-00.24.54:395][  0]LogMemory: Platform Memory Stats for WindowsNoEditor
[2017.09.27-00.24.54:395][  0]LogMemory: Process Physical Memory: 97.17 MB used, 97.17 MB peak
[2017.09.27-00.24.54:395][  0]LogMemory: Process Virtual Memory: 111.52 MB used, 111.52 MB peak
[2017.09.27-00.24.54:395][  0]LogMemory: Physical Memory: 9441.27 MB used,  6891.35 MB free, 16332.62 MB total
[2017.09.27-00.24.54:395][  0]LogMemory: Virtual Memory: 342.50 MB used,  6891.35 MB free, 134217728.00 MB total
[2017.09.27-00.24.54:419][  0]LogInit: Using OS detected language (en-US).
[2017.09.27-00.24.54:419][  0]LogInit: Using OS detected locale (en-US).
[2017.09.27-00.24.54:419][  0]LogTextLocalizationManager: No specific localization for 'en-US' exists, so the 'en' localization will be used.
[2017.09.27-00.24.54:459][  0]LogD3D11RHI: D3D11 adapters:
[2017.09.27-00.24.54:493][  0]LogD3D11RHI:    0. 'NVIDIA GeForce GTX 980 Ti' (Feature Level 11_0)
[2017.09.27-00.24.54:493][  0]LogD3D11RHI:       6103/0/8166 MB DedicatedVideo/DedicatedSystem/SharedSystem, Outputs:1, VendorId:0x10de
[2017.09.27-00.24.54:494][  0]LogD3D11RHI:    1. 'Microsoft Basic Render Driver' (Feature Level 11_0)
[2017.09.27-00.24.54:494][  0]LogD3D11RHI:       0/0/8166 MB DedicatedVideo/DedicatedSystem/SharedSystem, Outputs:0, VendorId:0x1414
[2017.09.27-00.24.54:494][  0]LogD3D11RHI: Chosen D3D11 Adapter: 0
[2017.09.27-00.24.54:500][  0]LogD3D11RHI: Creating new Direct3DDevice
[2017.09.27-00.24.54:500][  0]LogD3D11RHI:     GPU DeviceId: 0x17c8 (for the marketing name, search the web for "GPU Device Id")
[2017.09.27-00.24.54:500][  0]LogWindows: EnumDisplayDevices:
[2017.09.27-00.24.54:500][  0]LogWindows:    0. 'NVIDIA GeForce GTX 980 Ti' (P:1 D:1)
[2017.09.27-00.24.54:500][  0]LogWindows:    1. 'NVIDIA GeForce GTX 980 Ti' (P:0 D:0)
[2017.09.27-00.24.54:500][  0]LogWindows:    2. 'NVIDIA GeForce GTX 980 Ti' (P:0 D:0)
[2017.09.27-00.24.54:500][  0]LogWindows:    3. 'NVIDIA GeForce GTX 980 Ti' (P:0 D:0)
[2017.09.27-00.24.54:500][  0]LogWindows: DebugString: FoundDriverCount:4 
[2017.09.27-00.24.54:500][  0]LogD3D11RHI:     Adapter Name: NVIDIA GeForce GTX 980 Ti
[2017.09.27-00.24.54:500][  0]LogD3D11RHI:   Driver Version: 382.05 (internal:22.21.13.8205, unified:382.05)
[2017.09.27-00.24.54:500][  0]LogD3D11RHI:      Driver Date: 5-1-2017
[2017.09.27-00.24.54:500][  0]LogRHI: Texture pool is 1361 MB (70% of 1945 MB)
[2017.09.27-00.24.54:527][  0]LogD3D11RHI: Async texture creation enabled
[2017.09.27-00.24.54:537][  0]LogD3D11RHI: GPU Timing Frequency: 1000.000000 (Debug: 2 1)
[2017.09.27-00.24.54:593][  0]LogMaterial: Verifying Global Shaders for PCD3D_SM5
[2017.09.27-00.24.54:593][  0]LogSlate: Using Freetype 2.6.0
[2017.09.27-00.24.54:594][  0]LogSlate: SlateFontCache - WITH_FREETYPE: 1, WITH_HARFBUZZ: 1
[2017.09.27-00.24.54:594][  0]LogSlate: SlateFontCache - WITH_FREETYPE: 1, WITH_HARFBUZZ: 1
[2017.09.27-00.24.54:634][  0]LogAssetRegistry: FAssetRegistry took 0.0092 seconds to start up
[2017.09.27-00.24.54:714][  0]LogPackageLocalizationCache: Processed 5 localized package path(s) for 2 prioritized culture(s) in 0.003982 seconds
[2017.09.27-00.24.54:715][  0]LogPakFile: New pak file ../../../PoetryGun/Content/Paks/PoetryGun-WindowsNoEditor.pak added to pak precacher.
[2017.09.27-00.24.54:731][  0]LogInit: Selected Device Profile: [WindowsNoEditor]
[2017.09.27-00.24.54:736][  0]LogContentStreaming: Texture pool size is 1000.00 MB
[2017.09.27-00.24.54:831][  0]LogNetVersion: PoetryGun , NetCL: 3573198, EngineNetVer: 2, GameNetVer: 0 (Checksum: 2747550602)
[2017.09.27-00.24.55:065][  0]LogInit: WinSock: version 1.1 (2.2), MaxSocks=32767, MaxUdp=65467
[2017.09.27-00.24.55:079][  0]LogMoviePlayer: Initializing movie player
[2017.09.27-00.24.55:123][  0]LogOcInput: OculusInput pre-init called
[2017.09.27-00.24.55:123][  0]LogAndroidPermission: UAndroidPermissionCallbackProxy::GetInstance
[2017.09.27-00.24.55:127][  0]LogUObjectArray: 30841 objects as part of root set at end of initial load.
[2017.09.27-00.24.55:127][  0]LogUObjectAllocator: 6112624 out of 0 bytes used by permanent object pool.
[2017.09.27-00.24.55:127][  0]LogUObjectArray: CloseDisregardForGC: 0/0 objects in disregard for GC pool
[2017.09.27-00.24.55:138][  0]LogEngine: Initializing Engine...
[2017.09.27-00.24.58:280][  0]LogHMD: SteamVR initialized.  Driver: lighthouse  Display: LHR-B1272831
[2017.09.27-00.24.58:581][  0]LogStats: UGameplayTagsManager::ConstructGameplayTagTree: Construct from data asset -  0.000 s
[2017.09.27-00.24.58:581][  0]LogStats: UGameplayTagsManager::ConstructGameplayTagTree: GameplayTagTreeChangedEvent.Broadcast -  0.000 s
[2017.09.27-00.24.58:596][  0]LogInit: XAudio2 using 'ASUS VN247-0 (NVIDIA High Definition Audio)' : 2 channels at 48 kHz using 16 bits per sample (channel mask 0x3)
[2017.09.27-00.24.58:610][  0]LogInit: FAudioDevice initialized.
[2017.09.27-00.24.58:621][  0]LogInit: Texture streaming: Enabled
[2017.09.27-00.24.58:622][  0]LogConsoleManager: Warning: Setting the console variable 'r.VSync' with 'SetByGameSetting' was ignored as it is lower priority than the previous 'SetByCode'. Value remains '0'
[2017.09.27-00.24.58:625][  0]LogInit: Display: Game Engine Initialized.
[2017.09.27-00.24.58:625][  0]LogGameplayTags: Display: UGameplayTagsManager::DoneAddingNativeTags. DelegateIsBound: 0
[2017.09.27-00.24.58:633][  0]LogInit: Display: Starting Game.
[2017.09.27-00.24.58:633][  0]LogNet: Browse: /Game/FirstPersonBP/Maps/FirstPersonExampleMap?Name=Player
[2017.09.27-00.24.58:633][  0]LogLoad: LoadMap: /Game/FirstPersonBP/Maps/FirstPersonExampleMap?Name=Player
[2017.09.27-00.24.58:646][  0]LogMemory: Platform Memory Stats for WindowsNoEditor
[2017.09.27-00.24.58:646][  0]LogMemory: Process Physical Memory: 225.86 MB used, 301.55 MB peak
[2017.09.27-00.24.58:646][  0]LogMemory: Process Virtual Memory: 332.17 MB used, 382.99 MB peak
[2017.09.27-00.24.58:646][  0]LogMemory: Physical Memory: 9038.38 MB used,  7294.24 MB free, 16332.62 MB total
[2017.09.27-00.24.58:646][  0]LogMemory: Virtual Memory: 706.76 MB used,  7294.24 MB free, 134217728.00 MB total
[2017.09.27-00.24.58:646][  0]LogMemory: 
[2017.09.27-00.24.58:646][  0]FMallocBinned2 Mem report
[2017.09.27-00.24.58:646][  0]Small Pool
[2017.09.27-00.24.58:646][  0]Requested Allocations: 23.808365mb  (including block size padding)
[2017.09.27-00.24.58:646][  0]OS Allocated: 27.437500mb
[2017.09.27-00.24.58:646][  0]Large Pool
[2017.09.27-00.24.58:646][  0]Requested Allocations: 67.895935mb
[2017.09.27-00.24.58:646][  0]OS Allocated: 68.437500mb
[2017.09.27-00.24.58:646][  0]OS Page Allocator
[2017.09.27-00.24.58:646][  0]Cached free pages: 0.000000mb
[2017.09.27-00.24.58:872][  0]LogAIModule: Creating AISystem for world FirstPersonExampleMap
[2017.09.27-00.24.58:872][  0]LogLoad: Game class is 'FirstPersonGameMode_C'
[2017.09.27-00.24.58:877][  0]LogWorld: Bringing World /Game/FirstPersonBP/Maps/FirstPersonExampleMap.FirstPersonExampleMap up for play (max tick rate 0) at 2017.09.26-17.24.58
[2017.09.27-00.24.58:878][  0]LogWorld: Bringing up level for play took: 0.004722
[2017.09.27-00.24.58:880][  0]LogLoad: Took 0.246381 seconds to LoadMap(/Game/FirstPersonBP/Maps/FirstPersonExampleMap)
[2017.09.27-00.24.58:910][  0]LogLoad: (Engine Initialization) Total time: 4.91 seconds
[2017.09.27-00.24.58:910][  0]LogExternalProfiler: Found external profiler: VSPerf
[2017.09.27-00.24.58:910][  0]LogExternalProfiler: Using external profiler: VSPerf
[2017.09.27-00.24.58:927][  0]LogSteamVRController: Controller role for device 1 is 0 (invalid=0, left=1, right=2).
[2017.09.27-00.24.58:927][  0]LogSteamVRController: Warning: Controller device 1 has no role set.  There is no 'right' controller according to steamvr, so we are pickign that.
[2017.09.27-00.24.58:962][  2]LogRenderer: Reallocating scene render targets to support 2688x1512 Format 10 NumSamples 1 (Frame:1).
[2017.09.27-00.25.15:630][ 23]LogSpawn: Warning: SpawnActor failed because of collision at the spawn location [X=-1011.637 Y=31.379 Z=360.748] for [FirstPersonProjectile_C]
[2017.09.27-00.25.30:534][947]LogSpawn: Warning: SpawnActor failed because of collision at the spawn location [X=303.316 Y=-913.617 Z=424.378] for [FirstPersonProjectile_C]
[2017.09.27-00.25.33:551][134]LogSpawn: Warning: SpawnActor failed because of collision at the spawn location [X=658.713 Y=-957.402 Z=322.017] for [FirstPersonProjectile_C]
[2017.09.27-00.25.33:760][147]LogSpawn: Warning: SpawnActor failed because of collision at the spawn location [X=527.939 Y=-970.872 Z=337.392] for [FirstPersonProjectile_C]
[2017.09.27-00.25.50:890][209]LogSpawn: Warning: SpawnActor failed because of collision at the spawn location [X=335.501 Y=958.168 Z=463.098] for [FirstPersonProjectile_C]
[2017.09.27-00.25.51:115][223]LogSpawn: Warning: SpawnActor failed because of collision at the spawn location [X=461.816 Y=972.850 Z=454.343] for [FirstPersonProjectile_C]
[2017.09.27-00.26.40:843][306]LogSlate: Request Window 'PoetryGun (64-bit, PCD3D_SM5)' being destroyed
[2017.09.27-00.26.40:868][306]LogSlate: Window 'PoetryGun (64-bit, PCD3D_SM5)' being destroyed
[2017.09.27-00.26.40:868][306]LogWindowsTextInputMethodSystem: Display: IME system now deactivated.
[2017.09.27-00.26.40:871][306]LogEngine: All Windows Closed
[2017.09.27-00.26.40:871][306]LogWindows: FPlatformMisc::RequestExit(0)
[2017.09.27-00.26.41:339][307]LogExit: Preparing to exit.
[2017.09.27-00.26.41:339][307]LogMoviePlayer: Shutting down movie player
[2017.09.27-00.26.41:378][307]LogExit: Game engine shut down
[2017.09.27-00.26.41:405][307]LogExit: Object subsystem successfully closed.
[2017.09.27-00.26.41:408][307]LogD3D11RHI: Shutdown
[2017.09.27-00.26.41:408][307]LogD3D11RHI: CleanupD3DDevice
[2017.09.27-00.26.41:410][307]LogD3D11RHI: ~FD3D11DynamicRHI
[2017.09.27-00.26.41:410][307]LogModuleManager: Shutting down and abandoning module AutomationController (158)
[2017.09.27-00.26.41:410][307]LogModuleManager: Shutting down and abandoning module AutomationWorker (156)
[2017.09.27-00.26.41:410][307]LogModuleManager: Shutting down and abandoning module AIModule (154)
[2017.09.27-00.26.41:410][307]LogModuleManager: Shutting down and abandoning module GameplayDebugger (153)
[2017.09.27-00.26.41:410][307]LogModuleManager: Shutting down and abandoning module WmfMediaFactory (150)
[2017.09.27-00.26.41:410][307]LogModuleManager: Shutting down and abandoning module AvfMediaFactory (148)
[2017.09.27-00.26.41:410][307]LogModuleManager: Shutting down and abandoning module AndroidMediaFactory (146)
[2017.09.27-00.26.41:410][307]LogModuleManager: Shutting down and abandoning module Media (145)
[2017.09.27-00.26.41:410][307]LogModuleManager: Shutting down and abandoning module CharacterAI (142)
[2017.09.27-00.26.41:410][307]LogModuleManager: Shutting down and abandoning module SessionServices (140)
[2017.09.27-00.26.41:410][307]LogModuleManager: Shutting down and abandoning module MovieSceneTracks (138)
[2017.09.27-00.26.41:410][307]LogModuleManager: Shutting down and abandoning module MovieScene (136)
[2017.09.27-00.26.41:410][307]LogModuleManager: Shutting down and abandoning module GeometryCache (134)
[2017.09.27-00.26.41:410][307]LogModuleManager: Shutting down and abandoning module Niagara (132)
[2017.09.27-00.26.41:410][307]LogModuleManager: Shutting down and abandoning module StreamingPauseRendering (130)
[2017.09.27-00.26.41:410][307]LogModuleManager: Shutting down and abandoning module AnalyticsET (128)
[2017.09.27-00.26.41:410][307]LogModuleManager: Shutting down and abandoning module ProfilerService (126)
[2017.09.27-00.26.41:540][307]LogModuleManager: Shutting down and abandoning module TaskGraph (124)
[2017.09.27-00.26.41:540][307]LogModuleManager: Shutting down and abandoning module HTML5Networking (120)
[2017.09.27-00.26.41:540][307]LogModuleManager: Shutting down and abandoning module SteamVRController (118)
[2017.09.27-00.26.41:540][307]LogModuleManager: Shutting down and abandoning module ProceduralMeshComponent (116)
[2017.09.27-00.26.41:540][307]LogModuleManager: Shutting down and abandoning module MobilePatchingUtils (114)
[2017.09.27-00.26.41:540][307]LogModuleManager: Shutting down and abandoning module CustomMeshComponent (112)
[2017.09.27-00.26.41:540][307]LogModuleManager: Shutting down and abandoning module CableComponent (110)
[2017.09.27-00.26.41:540][307]LogModuleManager: Shutting down and abandoning module ArchVisCharacter (108)
[2017.09.27-00.26.41:540][307]LogModuleManager: Shutting down and abandoning module AndroidPermission (106)
[2017.09.27-00.26.41:540][307]LogModuleManager: Shutting down and abandoning module OculusInput (104)
[2017.09.27-00.26.41:540][307]LogModuleManager: Shutting down and abandoning module UdpMessaging (102)
[2017.09.27-00.26.41:540][307]LogModuleManager: Shutting down and abandoning module TcpMessaging (100)
[2017.09.27-00.26.41:540][307]LogModuleManager: Shutting down and abandoning module FacialAnimation (98)
[2017.09.27-00.26.41:540][307]LogModuleManager: Shutting down and abandoning module LightPropagationVolumeRuntime (96)
[2017.09.27-00.26.41:540][307]LogModuleManager: Shutting down and abandoning module RuntimePhysXCooking (94)
[2017.09.27-00.26.41:540][307]LogModuleManager: Shutting down and abandoning module PhysXVehicles (92)
[2017.09.27-00.26.41:540][307]LogModuleManager: Shutting down and abandoning module LocationServicesBPLibrary (90)
[2017.09.27-00.26.41:540][307]LogModuleManager: Shutting down and abandoning module ImmediatePhysics (88)
[2017.09.27-00.26.41:540][307]LogModuleManager: Shutting down and abandoning module Paper2D (86)
[2017.09.27-00.26.41:540][307]LogModuleManager: Shutting down and abandoning module WmfMedia (84)
[2017.09.27-00.26.41:540][307]LogModuleManager: Shutting down and abandoning module WindowsMoviePlayer (82)
[2017.09.27-00.26.41:541][307]LogModuleManager: Shutting down and abandoning module PacketHandler (80)
[2017.09.27-00.26.41:541][307]LogModuleManager: Shutting down and abandoning module ClothingSystemRuntime (78)
[2017.09.27-00.26.41:541][307]LogModuleManager: Shutting down and abandoning module Overlay (76)
[2017.09.27-00.26.41:541][307]LogModuleManager: Shutting down and abandoning module MediaAssets (74)
[2017.09.27-00.26.41:541][307]LogModuleManager: Shutting down and abandoning module UMG (72)
[2017.09.27-00.26.41:541][307]LogModuleManager: Shutting down and abandoning module SlateReflector (70)
[2017.09.27-00.26.41:541][307]LogModuleManager: Shutting down and abandoning module Slate (68)
[2017.09.27-00.26.41:541][307]LogModuleManager: Shutting down and abandoning module MRMesh (66)
[2017.09.27-00.26.41:541][307]LogModuleManager: Shutting down and abandoning module Messaging (64)
[2017.09.27-00.26.41:541][307]LogModuleManager: Shutting down and abandoning module HeadMountedDisplay (62)
[2017.09.27-00.26.41:541][307]LogModuleManager: Shutting down and abandoning module XAudio2 (60)
[2017.09.27-00.26.41:541][307]LogModuleManager: Shutting down and abandoning module Networking (58)
[2017.09.27-00.26.41:541][307]LogModuleManager: Shutting down and abandoning module Core (54)
[2017.09.27-00.26.41:541][307]LogModuleManager: Shutting down and abandoning module LevelSequence (52)
[2017.09.27-00.26.41:541][307]LogModuleManager: Shutting down and abandoning module ImageWrapper (48)
[2017.09.27-00.26.41:541][307]LogModuleManager: Shutting down and abandoning module InputCore (46)
[2017.09.27-00.26.41:541][307]LogModuleManager: Shutting down and abandoning module PhysXCooking (44)
[2017.09.27-00.26.41:541][307]LogModuleManager: Shutting down and abandoning module OnlineSubsystem (40)
[2017.09.27-00.26.41:541][307]LogOnline: Display: Unloading online subsystem: NULL
[2017.09.27-00.26.41:541][307]LogModuleManager: Shutting down and abandoning module HTTP (39)
[2017.09.27-00.26.41:541][307]LogHttp: Display: Http module shutting down, but needs to wait on 1 outstanding Http requests:
[2017.09.27-00.26.41:541][307]LogHttp: Display: 	verb=[POST] url=[https://datarouter.ol.epicgames.com/datarouter/api/v1/public/data?SessionID=%7B87E61576-4FC0-39DA-94AC-11B5D0935A49%7D&AppID=UEGame.Rocket.Release%7CE7439AC44605A2E333C8CBB617CCF0E4%7CFirst%20Person%20BP%20Game%20Template&AppVersion=4.17.1-3586342%2B%2B%2BUE4%2BRelease-4.17&UserID=ANON-%7B4B28FC8D-4878-3117-C876-3E9739D5F553%7D%7C%7C&AppEnvironment=datacollector-binary&UploadType=eteventstream] status=Processing
[2017.09.27-00.26.41:566][307]LogModuleManager: Shutting down and abandoning module SSL (38)
[2017.09.27-00.26.41:566][307]LogModuleManager: Shutting down and abandoning module SteamVR (34)
[2017.09.27-00.26.41:566][307]LogModuleManager: Shutting down and abandoning module ExampleDeviceProfileSelector (32)
[2017.09.27-00.26.41:566][307]LogModuleManager: Shutting down and abandoning module OculusHMD (30)
[2017.09.27-00.26.41:566][307]LogModuleManager: Shutting down and abandoning module ShaderCore (28)
[2017.09.27-00.26.41:566][307]LogModuleManager: Shutting down and abandoning module Landscape (26)
[2017.09.27-00.26.41:566][307]LogModuleManager: Shutting down and abandoning module SlateRHIRenderer (24)
[2017.09.27-00.26.41:566][307]LogModuleManager: Shutting down and abandoning module OpenGLDrv (22)
[2017.09.27-00.26.41:566][307]LogModuleManager: Shutting down and abandoning module D3D11RHI (20)
[2017.09.27-00.26.41:566][307]LogModuleManager: Shutting down and abandoning module AnimGraphRuntime (18)
[2017.09.27-00.26.41:566][307]LogModuleManager: Shutting down and abandoning module Renderer (16)
[2017.09.27-00.26.41:566][307]LogModuleManager: Shutting down and abandoning module Engine (14)
[2017.09.27-00.26.41:566][307]LogModuleManager: Shutting down and abandoning module CoreUObject (12)
[2017.09.27-00.26.41:566][307]LogModuleManager: Shutting down and abandoning module NetworkFile (10)
[2017.09.27-00.26.41:566][307]LogModuleManager: Shutting down and abandoning module CookedIterativeFile (8)
[2017.09.27-00.26.41:566][307]LogModuleManager: Shutting down and abandoning module StreamingFile (6)
[2017.09.27-00.26.41:566][307]LogModuleManager: Shutting down and abandoning module SandboxFile (4)
[2017.09.27-00.26.41:566][307]LogModuleManager: Shutting down and abandoning module PakFile (2)
[2017.09.27-00.26.41:568][307]LogExit: Exiting.
[2017.09.27-00.26.41:569][307]Log file closed, 09/26/17 17:26:41
